2026-04-14 19:16:57,610 INFO src.rag: Building RAG from yaml: 20 tables
2026-04-14 19:17:52,597 INFO src.rag: ###### RAG top 13 ######
   1. [table  ] competition                    score=6.5362 "Соревнования по машинному обучению — основная бизнес-сущность платформы. Хранит: название (title) со"
   2. [table  ] prize                          score=6.5128 "Призовой фонд соревнований: сумма и валюта приза. Одно соревнование может иметь несколько призовых п"
   3. [table  ] role                           score=6.1892 "Справочник ролей пользователей платформы. Хранит имя роли и её описание. Используется для управления"
   4. [table  ] user                           score=6.0805 "Пользователи платформы: участники, организаторы соревнований, разработчики решений. Хранит профиль п"
   5. [table  ] competition_config             score=6.0137 "Настройки и параметры соревнования: какая метрика используется для оценки, правило агрегации результ"
   6. [table  ] participation                  score=5.9401 "Участие пользователя в соревновании — связующая таблица user и competition. Фиксирует факт регистрац"
   7. [table  ] dataset_purpose                score=5.7600 "Справочник назначения датасета. Определяет тип использования набора данных (train, test, validation "
   8. [example] user                           score=5.6269 "Пользователи без участия в соревнованиях и без отправок SQL: SELECT u.user_id, u.username FROM user "
   9. [table  ] leaderboard_row                score=5.5768 "Таблица лидеров рейтинг участников соревнования. Хранит лучший результат участника, его позицию (ran"
  10. [table  ] file_artifact                  score=5.4779 "Физические файлы датасетов хранящиеся в storage системе. Содержит имя файла и размер в байтах. Связа"
  11. [table  ] team_role                      score=5.4634 "Справочник ролей участников команды. Используется для описания ролей внутри командного участия."
  12. [table  ] participation_status           score=5.2933 "Справочник статусов участия в соревновании. Нормализует состояние участия (active, withdrawn и т.д.)"
  13. [example] task_type                      score=4.9958 "Пользователи участвовавшие в соревнованиях по классификации и имеющие хотя бы одну успешную отправку"
####################################
2026-04-14 19:19:28,364 INFO src.rag: ###### RAG top 13 ######
   1. [table  ] competition                    score=6.5362 "Соревнования по машинному обучению — основная бизнес-сущность платформы. Хранит: название (title) со"
   2. [table  ] prize                          score=6.5128 "Призовой фонд соревнований: сумма и валюта приза. Одно соревнование может иметь несколько призовых п"
   3. [table  ] role                           score=6.1892 "Справочник ролей пользователей платформы. Хранит имя роли и её описание. Используется для управления"
   4. [table  ] user                           score=6.0805 "Пользователи платформы: участники, организаторы соревнований, разработчики решений. Хранит профиль п"
   5. [table  ] competition_config             score=6.0137 "Настройки и параметры соревнования: какая метрика используется для оценки, правило агрегации результ"
   6. [table  ] participation                  score=5.9401 "Участие пользователя в соревновании — связующая таблица user и competition. Фиксирует факт регистрац"
   7. [table  ] dataset_purpose                score=5.7600 "Справочник назначения датасета. Определяет тип использования набора данных (train, test, validation "
   8. [example] user                           score=5.6269 "Пользователи без участия в соревнованиях и без отправок SQL: SELECT u.user_id, u.username FROM user "
   9. [table  ] leaderboard_row                score=5.5768 "Таблица лидеров рейтинг участников соревнования. Хранит лучший результат участника, его позицию (ran"
  10. [table  ] file_artifact                  score=5.4779 "Физические файлы датасетов хранящиеся в storage системе. Содержит имя файла и размер в байтах. Связа"
  11. [table  ] team_role                      score=5.4634 "Справочник ролей участников команды. Используется для описания ролей внутри командного участия."
  12. [table  ] participation_status           score=5.2933 "Справочник статусов участия в соревновании. Нормализует состояние участия (active, withdrawn и т.д.)"
  13. [example] task_type                      score=4.9958 "Пользователи участвовавшие в соревнованиях по классификации и имеющие хотя бы одну успешную отправку"
####################################
2026-04-14 19:25:18,326 INFO src.rag: ###### RAG top 14 ######
   1. [table  ] competition_config             score=9.1886 "Настройки и параметры соревнования: какая метрика используется для оценки, правило агрегации результ"
   2. [table  ] role                           score=9.1105 "Справочник ролей пользователей платформы. Хранит имя роли и её описание. Используется для управления"
   3. [table  ] user                           score=8.8384 "Пользователи платформы: участники, организаторы соревнований, разработчики решений. Хранит профиль п"
   4. [table  ] leaderboard_row                score=8.7878 "Таблица лидеров рейтинг участников соревнования. Хранит лучший результат участника, его позицию (ran"
   5. [table  ] team_role                      score=8.7694 "Справочник ролей участников команды. Используется для описания ролей внутри командного участия."
   6. [table  ] file_artifact                  score=8.6293 "Физические файлы датасетов хранящиеся в storage системе. Содержит имя файла и размер в байтах. Связа"
   7. [table  ] participation                  score=8.5332 "Участие пользователя в соревновании — связующая таблица user и competition. Фиксирует факт регистрац"
   8. [table  ] team_status                    score=8.4619 "Справочник статусов команд. Нормализует жизненный цикл команды (active, archived, blocked и т.д.)."
   9. [table  ] participation_status           score=8.4170 "Справочник статусов участия в соревновании. Нормализует состояние участия (active, withdrawn и т.д.)"
  10. [table  ] metric                         score=8.3819 "Метрики оценки качества ML моделей: accuracy, logloss, f1, rmse, auc, map. Применяются в соревновани"
  11. [table  ] code_kernel                    score=8.3785 "Ноутбуки и скрипты участников соревнований — computational artifacts. Хранит язык программирования и"
  12. [table  ] competition                    score=8.3750 "Соревнования по машинному обучению — основная бизнес-сущность платформы. Хранит: название (title) со"
  13. [example] user                           score=7.5259 "Пользователи без участия в соревнованиях и без отправок SQL: SELECT u.user_id, u.username FROM user "
  14. [example] user                           score=7.4700 "Топ пользователей по числу соревнований в которых они участвовали SQL: SELECT u.username, COUNT(DIST"
####################################
2026-04-14 19:33:56,558 INFO src.rag: ###### RAG top 12 ######
   1. [table  ] competition                    score=4.3308 "Соревнования по машинному обучению — основная бизнес-сущность платформы. Хранит: название (title) со"
   2. [table  ] leaderboard_row                score=4.0066 "Таблица лидеров рейтинг участников соревнования. Хранит лучший результат участника, его позицию (ran"
   3. [table  ] metric                         score=3.4042 "Метрики оценки качества ML моделей: accuracy, logloss, f1, rmse, auc, map. Применяются в соревновани"
   4. [table  ] user                           score=3.2244 "Пользователи платформы: участники, организаторы соревнований, разработчики решений. Хранит профиль п"
   5. [table  ] competition_config             score=3.0301 "Настройки и параметры соревнования: какая метрика используется для оценки, правило агрегации результ"
   6. [table  ] participation                  score=2.9388 "Участие пользователя в соревновании — связующая таблица user и competition. Фиксирует факт регистрац"
   7. [table  ] prize                          score=2.9162 "Призовой фонд соревнований: сумма и валюта приза. Одно соревнование может иметь несколько призовых п"
   8. [table  ] task_type                      score=2.8247 "Справочник типов задач машинного обучения: классификация, регрессия, ранжирование, детекция объектов"
   9. [table  ] role                           score=2.3118 "Справочник ролей пользователей платформы. Хранит имя роли и её описание. Используется для управления"
  10. [example] leaderboard_row                score=2.3094 "Участники занявшие первое место хотя бы в одном соревновании SQL: SELECT DISTINCT u.username FROM us"
  11. [table  ] submission                     score=2.2956 "Отправки решений участников на проверку — сабмиты. Фиксирует время отправки и статус: success (приня"
  12. [example] user                           score=2.1459 "Пользователи без участия в соревнованиях и без отправок SQL: SELECT u.user_id, u.username FROM user "
####################################
2026-04-14 19:36:03,898 INFO src.rag: Building RAG from yaml: 20 tables
2026-04-15 13:22:27,243 INFO src.rag: Building RAG from yaml: 20 tables
2026-04-15 13:23:36,874 INFO src.rag: ###### RAG top 13 ######
   1. [table  ] evaluation                     score=5.6808 "Результаты оценки отправок системой scoring engine. Хранит числовое значение метрики и время вычисле"
   2. [table  ] competition_config             score=5.4092 "Настройки и параметры соревнования: какая метрика используется для оценки, правило агрегации результ"
   3. [table  ] metric                         score=5.2675 "Метрики оценки качества ML моделей: accuracy, logloss, f1, rmse, auc, map. Применяются в соревновани"
   4. [table  ] leaderboard_row                score=5.1984 "Таблица лидеров рейтинг участников соревнования. Хранит лучший результат участника, его позицию (ran"
   5. [table  ] competition                    score=4.9155 "Соревнования по машинному обучению — основная бизнес-сущность платформы. Хранит: название (title) со"
   6. [example] competition                    score=4.5022 "Наименьший MSE среди участников соревнования House Price для задачи регрессии SQL: SELECT MIN(lr.sco"
   7. [table  ] file_artifact                  score=4.4681 "Физические файлы датасетов хранящиеся в storage системе. Содержит имя файла и размер в байтах. Связа"
   8. [table  ] role                           score=4.4147 "Справочник ролей пользователей платформы. Хранит имя роли и её описание. Используется для управления"
   9. [table  ] team_role                      score=4.3248 "Справочник ролей участников команды. Используется для описания ролей внутри командного участия."
  10. [table  ] dataset                        score=4.1134 "Наборы данных соревнований: train, test, validation датасеты. Хранит метаданные: тип использования, "
  11. [table  ] competition_status             score=4.0552 "Справочник статусов соревнований. Хранит нормализованные значения статуса (active, finished, draft и"
  12. [table  ] team_status                    score=3.9048 "Справочник статусов команд. Нормализует жизненный цикл команды (active, archived, blocked и т.д.)."
  13. [example] metric                         score=3.7038 "Метрики для задач классификации с количеством использований в соревнованиях SQL: SELECT m.name, COUN"
####################################
2026-04-18 12:15:33,218 INFO src.rag: Building RAG from yaml: 20 tables
2026-04-18 12:16:50,902 INFO src.rag: ###### RAG top 13 ######
   1. [table  ] competition                    score=5.7749 "Соревнования по машинному обучению — основная бизнес-сущность платформы. Хранит: название (title) со"
   2. [table  ] user                           score=5.2377 "Пользователи платформы: участники, организаторы соревнований, разработчики решений. Хранит профиль п"
   3. [table  ] competition_config             score=4.6108 "Настройки и параметры соревнования: какая метрика используется для оценки, правило агрегации результ"
   4. [table  ] participation                  score=4.4658 "Участие пользователя в соревновании — связующая таблица user и competition. Фиксирует факт регистрац"
   5. [table  ] role                           score=4.4486 "Справочник ролей пользователей платформы. Хранит имя роли и её описание. Используется для управления"
   6. [table  ] task_type                      score=4.2847 "Справочник типов задач машинного обучения: классификация, регрессия, ранжирование, детекция объектов"
   7. [table  ] submission                     score=4.2826 "Отправки решений участников на проверку — сабмиты. Фиксирует время отправки и статус: success (приня"
   8. [table  ] metric                         score=4.1189 "Метрики оценки качества ML моделей: accuracy, logloss, f1, rmse, auc, map. Применяются в соревновани"
   9. [example] user                           score=4.0124 "Пользователи без участия в соревнованиях и без отправок SQL: SELECT u.user_id, u.username FROM user "
  10. [table  ] leaderboard_row                score=3.8282 "Таблица лидеров рейтинг участников соревнования. Хранит лучший результат участника, его позицию (ran"
  11. [table  ] team_role                      score=3.8065 "Справочник ролей участников команды. Используется для описания ролей внутри командного участия."
  12. [table  ] dataset_purpose                score=3.7937 "Справочник назначения датасета. Определяет тип использования набора данных (train, test, validation "
  13. [example] task_type                      score=3.4423 "Пользователи участвовавшие в соревнованиях по классификации и имеющие хотя бы одну успешную отправку"
####################################
2026-04-18 12:18:06,957 INFO src.rag: ###### RAG top 14 ######
   1. [table  ] user                           score=8.6583 "Пользователи платформы: участники, организаторы соревнований, разработчики решений. Хранит профиль п"
   2. [table  ] role                           score=8.5572 "Справочник ролей пользователей платформы. Хранит имя роли и её описание. Используется для управления"
   3. [table  ] competition_config             score=8.4009 "Настройки и параметры соревнования: какая метрика используется для оценки, правило агрегации результ"
   4. [table  ] competition                    score=8.1914 "Соревнования по машинному обучению — основная бизнес-сущность платформы. Хранит: название (title) со"
   5. [table  ] submission                     score=8.0369 "Отправки решений участников на проверку — сабмиты. Фиксирует время отправки и статус: success (приня"
   6. [table  ] team_role                      score=8.0038 "Справочник ролей участников команды. Используется для описания ролей внутри командного участия."
   7. [table  ] task_type                      score=7.7441 "Справочник типов задач машинного обучения: классификация, регрессия, ранжирование, детекция объектов"
   8. [table  ] code_kernel                    score=7.6708 "Ноутбуки и скрипты участников соревнований — computational artifacts. Хранит язык программирования и"
   9. [table  ] evaluation                     score=7.6524 "Результаты оценки отправок системой scoring engine. Хранит числовое значение метрики и время вычисле"
  10. [table  ] participation_status           score=7.6005 "Справочник статусов участия в соревновании. Нормализует состояние участия (active, withdrawn и т.д.)"
  11. [table  ] team_status                    score=7.5395 "Справочник статусов команд. Нормализует жизненный цикл команды (active, archived, blocked и т.д.)."
  12. [table  ] dataset_purpose                score=7.4801 "Справочник назначения датасета. Определяет тип использования набора данных (train, test, validation "
  13. [example] competition                    score=6.4713 "Соревнования которые завершились в этом году SQL: SELECT title, end_at FROM competition WHERE status"
  14. [example] code_kernel                    score=6.2720 "Популярность языков программирования на платформе SQL: SELECT language, COUNT(*) AS kernels_count FR"
####################################
2026-04-18 12:20:32,409 INFO src.rag: Building RAG from yaml: 20 tables
2026-04-18 12:20:38,755 INFO src.rag: ###### RAG top 14 ######
   1. [table  ] user                           score=8.6583 "Пользователи платформы: участники, организаторы соревнований, разработчики решений. Хранит профиль п"
   2. [table  ] role                           score=8.5572 "Справочник ролей пользователей платформы. Хранит имя роли и её описание. Используется для управления"
   3. [table  ] competition_config             score=8.4009 "Настройки и параметры соревнования: какая метрика используется для оценки, правило агрегации результ"
   4. [table  ] competition                    score=8.1914 "Соревнования по машинному обучению — основная бизнес-сущность платформы. Хранит: название (title) со"
   5. [table  ] submission                     score=8.0369 "Отправки решений участников на проверку — сабмиты. Фиксирует время отправки и статус: success (приня"
   6. [table  ] team_role                      score=8.0038 "Справочник ролей участников команды. Используется для описания ролей внутри командного участия."
   7. [table  ] task_type                      score=7.7441 "Справочник типов задач машинного обучения: классификация, регрессия, ранжирование, детекция объектов"
   8. [table  ] code_kernel                    score=7.6708 "Ноутбуки и скрипты участников соревнований — computational artifacts. Хранит язык программирования и"
   9. [table  ] evaluation                     score=7.6524 "Результаты оценки отправок системой scoring engine. Хранит числовое значение метрики и время вычисле"
  10. [table  ] participation_status           score=7.6005 "Справочник статусов участия в соревновании. Нормализует состояние участия (active, withdrawn и т.д.)"
  11. [table  ] team_status                    score=7.5395 "Справочник статусов команд. Нормализует жизненный цикл команды (active, archived, blocked и т.д.)."
  12. [table  ] dataset_purpose                score=7.4801 "Справочник назначения датасета. Определяет тип использования набора данных (train, test, validation "
  13. [example] competition                    score=6.4713 "Соревнования которые завершились в этом году SQL: SELECT title, end_at FROM competition WHERE status"
  14. [example] code_kernel                    score=6.2720 "Популярность языков программирования на платформе SQL: SELECT language, COUNT(*) AS kernels_count FR"
####################################
2026-04-18 12:21:16,921 INFO src.rag: Building RAG from yaml: 20 tables
2026-04-18 12:21:50,301 INFO src.rag: Building RAG from yaml: 20 tables
2026-04-18 12:22:14,163 INFO src.rag: Building RAG from yaml: 20 tables
2026-04-18 12:22:38,525 INFO src.rag: ###### RAG top 14 ######
   1. [table  ] role                           score=8.5572 "Справочник ролей пользователей платформы. Хранит имя роли и её описание. Используется для управления"
   2. [table  ] competition_config             score=8.4009 "Настройки и параметры соревнования: какая метрика используется для оценки, правило агрегации результ"
   3. [table  ] competition                    score=8.1914 "Соревнования по машинному обучению — основная бизнес-сущность платформы. Хранит: название (title) со"
   4. [table  ] submission                     score=8.0369 "Отправки решений участников на проверку — сабмиты. Фиксирует время отправки и статус: success (приня"
   5. [table  ] team_role                      score=8.0038 "Справочник ролей участников команды. Используется для описания ролей внутри командного участия."
   6. [table  ] dataset                        score=7.8972 "Наборы данных соревнований: train, test, validation датасеты. Хранит метаданные: тип использования, "
   7. [table  ] task_type                      score=7.7441 "Справочник типов задач машинного обучения: классификация, регрессия, ранжирование, детекция объектов"
   8. [table  ] code_kernel                    score=7.6708 "Ноутбуки и скрипты участников соревнований — computational artifacts. Хранит язык программирования и"
   9. [table  ] evaluation                     score=7.6524 "Результаты оценки отправок системой scoring engine. Хранит числовое значение метрики и время вычисле"
  10. [table  ] participation_status           score=7.6005 "Справочник статусов участия в соревновании. Нормализует состояние участия (active, withdrawn и т.д.)"
  11. [table  ] team_status                    score=7.5395 "Справочник статусов команд. Нормализует жизненный цикл команды (active, archived, blocked и т.д.)."
  12. [table  ] dataset_purpose                score=7.4801 "Справочник назначения датасета. Определяет тип использования набора данных (train, test, validation "
  13. [example] competition                    score=6.4713 "Соревнования которые завершились в этом году SQL: SELECT title, end_at FROM competition WHERE status"
  14. [example] task_type                      score=6.2607 "Пользователи с успешными отправками в соревнованиях по типу задачи регрессия SQL: SELECT DISTINCT u."
####################################
2026-04-18 12:23:11,247 INFO src.rag: ###### RAG top 14 ######
   1. [table  ] competition_config             score=9.3559 "Настройки и параметры соревнования: какая метрика используется для оценки, правило агрегации результ"
   2. [table  ] user                           score=9.0769 "Пользователи платформы: участники, организаторы соревнований, разработчики решений. Хранит профиль п"
   3. [table  ] submission                     score=8.7696 "Отправки решений участников на проверку — сабмиты. Фиксирует время отправки и статус: success (приня"
   4. [table  ] file_artifact                  score=8.7622 "Физические файлы датасетов хранящиеся в storage системе. Содержит имя файла и размер в байтах. Связа"
   5. [table  ] leaderboard_row                score=8.6574 "Таблица лидеров рейтинг участников соревнования. Хранит лучший результат участника, его позицию (ran"
   6. [table  ] code_kernel                    score=8.6563 "Ноутбуки и скрипты участников соревнований — computational artifacts. Хранит язык программирования и"
   7. [table  ] metric                         score=8.6426 "Метрики оценки качества ML моделей: accuracy, logloss, f1, rmse, auc, map. Применяются в соревновани"
   8. [table  ] participation                  score=8.5787 "Участие пользователя в соревновании — связующая таблица user и competition. Фиксирует факт регистрац"
   9. [table  ] competition                    score=8.4658 "Соревнования по машинному обучению — основная бизнес-сущность платформы. Хранит: название (title) со"
  10. [table  ] participation_status           score=8.3807 "Справочник статусов участия в соревновании. Нормализует состояние участия (active, withdrawn и т.д.)"
  11. [table  ] team_status                    score=8.3398 "Справочник статусов команд. Нормализует жизненный цикл команды (active, archived, blocked и т.д.)."
  12. [table  ] submission_status              score=8.3305 "Справочник статусов отправки решения. Нормализует состояния обработки отправок (pending, success, fa"
  13. [example] user                           score=7.4363 "Пользователи без участия в соревнованиях и без отправок SQL: SELECT u.user_id, u.username FROM user "
  14. [example] user                           score=7.3169 "Топ пользователей по числу соревнований в которых они участвовали SQL: SELECT u.username, COUNT(DIST"
####################################
2026-04-18 12:25:02,763 INFO src.rag: Building RAG from yaml: 20 tables
2026-04-18 12:25:57,416 INFO src.rag: Building RAG from yaml: 20 tables
2026-04-18 12:26:03,607 INFO src.rag: ###### RAG top 14 ######
   1. [table  ] user                           score=8.6583 "Пользователи платформы: участники, организаторы соревнований, разработчики решений. Хранит профиль п"
   2. [table  ] role                           score=8.5572 "Справочник ролей пользователей платформы. Хранит имя роли и её описание. Используется для управления"
   3. [table  ] competition_config             score=8.4009 "Настройки и параметры соревнования: какая метрика используется для оценки, правило агрегации результ"
   4. [table  ] competition                    score=8.1914 "Соревнования по машинному обучению — основная бизнес-сущность платформы. Хранит: название (title) со"
   5. [table  ] submission                     score=8.0369 "Отправки решений участников на проверку — сабмиты. Фиксирует время отправки и статус: success (приня"
   6. [table  ] team_role                      score=8.0038 "Справочник ролей участников команды. Используется для описания ролей внутри командного участия."
   7. [table  ] task_type                      score=7.7441 "Справочник типов задач машинного обучения: классификация, регрессия, ранжирование, детекция объектов"
   8. [table  ] code_kernel                    score=7.6708 "Ноутбуки и скрипты участников соревнований — computational artifacts. Хранит язык программирования и"
   9. [table  ] evaluation                     score=7.6524 "Результаты оценки отправок системой scoring engine. Хранит числовое значение метрики и время вычисле"
  10. [table  ] participation_status           score=7.6005 "Справочник статусов участия в соревновании. Нормализует состояние участия (active, withdrawn и т.д.)"
  11. [table  ] team_status                    score=7.5395 "Справочник статусов команд. Нормализует жизненный цикл команды (active, archived, blocked и т.д.)."
  12. [table  ] dataset_purpose                score=7.4801 "Справочник назначения датасета. Определяет тип использования набора данных (train, test, validation "
  13. [example] competition                    score=6.4713 "Соревнования которые завершились в этом году SQL: SELECT title, end_at FROM competition WHERE status"
  14. [example] code_kernel                    score=6.2720 "Популярность языков программирования на платформе SQL: SELECT language, COUNT(*) AS kernels_count FR"
####################################
2026-04-18 12:27:19,035 INFO src.rag: Building RAG from yaml: 20 tables
2026-04-18 12:27:37,578 INFO src.rag: Building RAG from yaml: 20 tables
2026-04-18 12:27:42,691 INFO src.rag: ###### RAG top 14 ######
   1. [table  ] role                           score=5.2287 "Справочник ролей пользователей платформы. Хранит имя роли и её описание. Используется для управления"
   2. [table  ] evaluation                     score=4.9267 "Результаты оценки отправок системой scoring engine. Хранит числовое значение метрики и время вычисле"
   3. [table  ] competition_status             score=4.7868 "Справочник статусов соревнований. Хранит нормализованные значения статуса (active, finished, draft и"
   4. [table  ] file_artifact                  score=4.2440 "Физические файлы датасетов хранящиеся в storage системе. Содержит имя файла и размер в байтах. Связа"
   5. [table  ] code_kernel                    score=3.8516 "Ноутбуки и скрипты участников соревнований — computational artifacts. Хранит язык программирования и"
   6. [table  ] leaderboard_row                score=3.6609 "Таблица лидеров рейтинг участников соревнования. Хранит лучший результат участника, его позицию (ran"
   7. [table  ] user                           score=3.2983 "Пользователи платформы: участники, организаторы соревнований, разработчики решений. Хранит профиль п"
   8. [table  ] competition                    score=3.2761 "Соревнования по машинному обучению — основная бизнес-сущность платформы. Хранит: название (title) со"
   9. [table  ] competition_config             score=-1.5369 "Настройки и параметры соревнования: какая метрика используется для оценки, правило агрегации результ"
  10. [table  ] team_role                      score=-2.0395 "Справочник ролей участников команды. Используется для описания ролей внутри командного участия."
  11. [table  ] submission_status              score=-3.4427 "Справочник статусов отправки решения. Нормализует состояния обработки отправок (pending, success, fa"
  12. [table  ] team_status                    score=-3.8460 "Справочник статусов команд. Нормализует жизненный цикл команды (active, archived, blocked и т.д.)."
  13. [example] submission                     score=-3.9845 "Участники превысившие дневной лимит отправок SQL: SELECT u.username, DATE(s.submitted_at) AS day, CO"
  14. [example] user                           score=-4.3022 "Пользователи у которых нет биографии SQL: SELECT user_id, username FROM user WHERE bio IS NULL OR bi"
####################################
2026-04-18 12:29:25,152 INFO src.rag: Building RAG from yaml: 20 tables
2026-04-18 12:29:44,314 INFO src.rag: Building RAG from yaml: 20 tables
2026-04-18 12:31:37,181 INFO src.rag: ###### RAG top 13 ######
   1. [example] user                           score=7.6139 "Пользователи зарегистрированные в 2023 году отсортированные по количеству отправок SQL: SELECT u.use"
   2. [table  ] user                           score=7.3902 "Пользователи платформы: участники, организаторы соревнований, разработчики решений. Хранит профиль п"
   3. [table  ] role                           score=7.2957 "Справочник ролей пользователей платформы. Хранит имя роли и её описание. Используется для управления"
   4. [table  ] evaluation                     score=6.9538 "Результаты оценки отправок системой scoring engine. Хранит числовое значение метрики и время вычисле"
   5. [table  ] code_kernel                    score=6.9287 "Ноутбуки и скрипты участников соревнований — computational artifacts. Хранит язык программирования и"
   6. [table  ] competition_config             score=6.9237 "Настройки и параметры соревнования: какая метрика используется для оценки, правило агрегации результ"
   7. [table  ] competition                    score=6.9217 "Соревнования по машинному обучению — основная бизнес-сущность платформы. Хранит: название (title) со"
   8. [table  ] participation_status           score=6.7777 "Справочник статусов участия в соревновании. Нормализует состояние участия (active, withdrawn и т.д.)"
   9. [table  ] participation                  score=6.7457 "Участие пользователя в соревновании — связующая таблица user и competition. Фиксирует факт регистрац"
  10. [table  ] submission                     score=6.7155 "Отправки решений участников на проверку — сабмиты. Фиксирует время отправки и статус: success (приня"
  11. [table  ] team_role                      score=6.6589 "Справочник ролей участников команды. Используется для описания ролей внутри командного участия."
  12. [table  ] leaderboard_row                score=6.5757 "Таблица лидеров рейтинг участников соревнования. Хранит лучший результат участника, его позицию (ran"
  13. [example] user                           score=5.8146 "Пользователи без участия в соревнованиях и без отправок SQL: SELECT u.user_id, u.username FROM user "
####################################
2026-04-18 12:35:55,854 INFO src.rag: Building RAG from yaml: 20 tables
2026-04-18 12:36:14,534 INFO src.rag: Building RAG from yaml: 20 tables
2026-04-18 12:37:34,817 INFO src.rag: ###### RAG top 12 ######
   1. [example] user                           score=5.4321 "Пользователи зарегистрированные в 2023 году отсортированные по количеству отправок SQL: SELECT u.use"
   2. [table  ] competition                    score=5.0735 "Соревнования по машинному обучению — основная бизнес-сущность платформы. Хранит: название (title) со"
   3. [example] submission                     score=4.8938 "Участники превысившие дневной лимит отправок SQL: SELECT u.username, DATE(s.submitted_at) AS day, CO"
   4. [table  ] user                           score=4.7956 "Пользователи платформы: участники, организаторы соревнований, разработчики решений. Хранит профиль п"
   5. [table  ] participation                  score=4.0967 "Участие пользователя в соревновании — связующая таблица user и competition. Фиксирует факт регистрац"
   6. [table  ] participation_status           score=3.9348 "Справочник статусов участия в соревновании. Нормализует состояние участия (active, withdrawn и т.д.)"
   7. [table  ] role                           score=3.8172 "Справочник ролей пользователей платформы. Хранит имя роли и её описание. Используется для управления"
   8. [example] competition_config             score=3.7806 "Соревнования с наименьшим лимитом отправок в день SQL: SELECT c.title, cc.max_daily_submissions FROM"
   9. [table  ] submission                     score=3.6112 "Отправки решений участников на проверку — сабмиты. Фиксирует время отправки и статус: success (приня"
  10. [table  ] code_kernel                    score=3.5684 "Ноутбуки и скрипты участников соревнований — computational artifacts. Хранит язык программирования и"
  11. [table  ] task_type                      score=3.5299 "Справочник типов задач машинного обучения: классификация, регрессия, ранжирование, детекция объектов"
  12. [table  ] evaluation                     score=3.4696 "Результаты оценки отправок системой scoring engine. Хранит числовое значение метрики и время вычисле"
####################################
2026-04-18 14:31:07,867 INFO src.rag: Building RAG from yaml: 20 tables
2026-04-18 14:35:36,611 INFO src.rag: ###### RAG top 14 ######
   1. [table  ] competition                    score=4.9917 "Соревнования по машинному обучению — основная бизнес-сущность платформы. Хранит: название (title) со"
   2. [table  ] competition_config             score=4.7392 "Настройки и параметры соревнования: какая метрика используется для оценки, правило агрегации результ"
   3. [table  ] user                           score=4.6902 "Пользователи платформы: участники, организаторы соревнований, разработчики решений. Хранит профиль п"
   4. [table  ] dataset                        score=4.0683 "Наборы данных соревнований: train, test, validation датасеты. Хранит метаданные: тип использования, "
   5. [table  ] task_type                      score=4.0207 "Справочник типов задач машинного обучения: классификация, регрессия, ранжирование, детекция объектов"
   6. [table  ] submission                     score=3.9231 "Отправки решений участников на проверку — сабмиты. Фиксирует время отправки и статус: success (приня"
   7. [table  ] participation                  score=3.8317 "Участие пользователя в соревновании — связующая таблица user и competition. Фиксирует факт регистрац"
   8. [table  ] evaluation                     score=3.8044 "Результаты оценки отправок системой scoring engine. Хранит числовое значение метрики и время вычисле"
   9. [table  ] code_kernel                    score=3.7680 "Ноутбуки и скрипты участников соревнований — computational artifacts. Хранит язык программирования и"
  10. [table  ] submission_status              score=3.6993 "Справочник статусов отправки решения. Нормализует состояния обработки отправок (pending, success, fa"
  11. [table  ] leaderboard_row                score=3.4812 "Таблица лидеров рейтинг участников соревнования. Хранит лучший результат участника, его позицию (ran"
  12. [table  ] dataset_purpose                score=3.3420 "Справочник назначения датасета. Определяет тип использования набора данных (train, test, validation "
  13. [example] participation                  score=3.1649 "Участники соревнований с метрикой logloss и более 10 успешных отправок SQL: SELECT DISTINCT u.userna"
  14. [example] competition_config             score=3.1550 "Соревнования с наименьшим лимитом отправок в день SQL: SELECT c.title, cc.max_daily_submissions FROM"
####################################
2026-04-22 12:41:21,713 INFO src.rag: Building RAG from yaml: 20 tables
2026-04-22 12:42:21,549 INFO src.rag: ###### RAG top 14 ######
   1. [table  ] evaluation                     score=6.6901 "Результаты оценки отправок системой scoring engine. Хранит числовое значение метрики и время вычисле"
   2. [table  ] user                           score=6.6239 "Пользователи платформы: участники, организаторы соревнований, разработчики решений. Хранит профиль п"
   3. [table  ] competition_config             score=6.5471 "Настройки и параметры соревнования: какая метрика используется для оценки, правило агрегации результ"
   4. [table  ] prize                          score=6.4973 "Призовой фонд соревнований: сумма и валюта приза. Одно соревнование может иметь несколько призовых п"
   5. [table  ] competition                    score=6.4438 "Соревнования по машинному обучению — основная бизнес-сущность платформы. Хранит: название (title) со"
   6. [table  ] participation_status           score=6.2389 "Справочник статусов участия в соревновании. Нормализует состояние участия (active, withdrawn и т.д.)"
   7. [table  ] participation                  score=6.1210 "Участие пользователя в соревновании — связующая таблица user и competition. Фиксирует факт регистрац"
   8. [table  ] code_kernel                    score=6.0298 "Ноутбуки и скрипты участников соревнований — computational artifacts. Хранит язык программирования и"
   9. [table  ] team_role                      score=5.9824 "Справочник ролей участников команды. Используется для описания ролей внутри командного участия."
  10. [table  ] task_type                      score=5.9257 "Справочник типов задач машинного обучения: классификация, регрессия, ранжирование, детекция объектов"
  11. [table  ] submission                     score=5.8672 "Отправки решений участников на проверку — сабмиты. Фиксирует время отправки и статус: success (приня"
  12. [table  ] metric                         score=5.8332 "Метрики оценки качества ML моделей: accuracy, logloss, f1, rmse, auc, map. Применяются в соревновани"
  13. [example] task_type                      score=5.0287 "Пользователи с успешными отправками в соревнованиях по типу задачи регрессия SQL: SELECT DISTINCT u."
  14. [example] competition_config             score=4.6257 "Соревнования с наименьшим лимитом отправок в день SQL: SELECT c.title, cc.max_daily_submissions FROM"
####################################
2026-04-24 22:06:04,530 INFO src.rag: Building RAG from yaml: 20 tables
2026-04-24 22:07:29,530 INFO src.rag: ###### RAG top 12 ######
   1. [table  ] competition                    score=5.2193 "Соревнования по машинному обучению — основная бизнес-сущность платформы. Хранит: название (title) со"
   2. [example] user                           score=5.0584 "Пользователи зарегистрированные в 2023 году отсортированные по количеству отправок SQL: SELECT u.use"
   3. [table  ] user                           score=4.8614 "Пользователи платформы: участники, организаторы соревнований, разработчики решений. Хранит профиль п"
   4. [table  ] competition_config             score=4.5210 "Настройки и параметры соревнования: какая метрика используется для оценки, правило агрегации результ"
   5. [table  ] evaluation                     score=4.2161 "Результаты оценки отправок системой scoring engine. Хранит числовое значение метрики и время вычисле"
   6. [table  ] participation                  score=3.9164 "Участие пользователя в соревновании — связующая таблица user и competition. Фиксирует факт регистрац"
   7. [table  ] role                           score=3.8797 "Справочник ролей пользователей платформы. Хранит имя роли и её описание. Используется для управления"
   8. [table  ] metric                         score=3.6921 "Метрики оценки качества ML моделей: accuracy, logloss, f1, rmse, auc, map. Применяются в соревновани"
   9. [example] task_type                      score=3.5936 "Пользователи участвовавшие в соревнованиях по классификации и имеющие хотя бы одну успешную отправку"
  10. [example] competition_config             score=3.3892 "Соревнования с наименьшим лимитом отправок в день SQL: SELECT c.title, cc.max_daily_submissions FROM"
  11. [table  ] submission                     score=3.3654 "Отправки решений участников на проверку — сабмиты. Фиксирует время отправки и статус: success (приня"
  12. [table  ] task_type                      score=3.3192 "Справочник типов задач машинного обучения: классификация, регрессия, ранжирование, детекция объектов"
####################################
2026-04-25 13:29:17,838 INFO src.rag: Building RAG from yaml: 20 tables
2026-04-25 13:30:01,568 INFO src.rag: ###### RAG top 12 ######
   1. [table  ] evaluation                     score=7.9692 "Результаты оценки отправок системой scoring engine. Хранит числовое значение метрики и время вычисле"
   2. [example] user                           score=7.4763 "Пользователи зарегистрированные в 2023 году отсортированные по количеству отправок SQL: SELECT u.use"
   3. [example] competition_config             score=6.7799 "Соревнования с наименьшим лимитом отправок в день SQL: SELECT c.title, cc.max_daily_submissions FROM"
   4. [table  ] submission                     score=6.7727 "Отправки решений участников на проверку — сабмиты. Фиксирует время отправки и статус: success (приня"
   5. [table  ] competition_config             score=6.5644 "Настройки и параметры соревнования: какая метрика используется для оценки, правило агрегации результ"
   6. [table  ] user                           score=6.5113 "Пользователи платформы: участники, организаторы соревнований, разработчики решений. Хранит профиль п"
   7. [table  ] participation                  score=6.5021 "Участие пользователя в соревновании — связующая таблица user и competition. Фиксирует факт регистрац"
   8. [table  ] code_kernel                    score=6.4782 "Ноутбуки и скрипты участников соревнований — computational artifacts. Хранит язык программирования и"
   9. [table  ] metric                         score=6.3460 "Метрики оценки качества ML моделей: accuracy, logloss, f1, rmse, auc, map. Применяются в соревновани"
  10. [table  ] file_artifact                  score=6.3449 "Физические файлы датасетов хранящиеся в storage системе. Содержит имя файла и размер в байтах. Связа"
  11. [table  ] participation_status           score=6.3339 "Справочник статусов участия в соревновании. Нормализует состояние участия (active, withdrawn и т.д.)"
  12. [table  ] competition                    score=6.2287 "Соревнования по машинному обучению — основная бизнес-сущность платформы. Хранит: название (title) со"
####################################
2026-04-25 15:04:05,814 INFO src.rag: Building RAG from yaml: 20 tables
2026-04-25 15:26:09,518 INFO src.rag: Building RAG from yaml: 20 tables
2026-04-25 15:36:49,613 INFO src.rag: ###### RAG top 14 ######
   1. [table  ] configuration                  score=6.8160 "Конфигурация соревнования: метрика, тип задачи и лимит отправок в день. Это актуальная таблица конфи"
   2. [table  ] role                           score=6.5473 "Справочник ролей пользователей платформы. Используется для управления правами и сегментации пользова"
   3. [table  ] user                           score=5.7444 "Пользователи платформы: участники, организаторы соревнований, администраторы. Хранит профиль пользов"
   4. [table  ] dataset_file                   score=5.7053 "Файлы датасетов хранящиеся в storage. Содержит имя файла, путь, размер и контрольную сумму. Это акту"
   5. [table  ] metric                         score=5.7015 "Метрики оценки качества ML-моделей: accuracy, f1, rmse, auc и др. Используются в соревнованиях через"
   6. [table  ] competition                    score=5.5858 "Соревнования по машинному обучению — основная бизнес-сущность платформы. Хранит название, статус, да"
   7. [table  ] dataset                        score=5.5427 "Наборы данных платформы. Хранит назначение, имя, признак скрытости, версию. Соревнование связывается"
   8. [table  ] participation                  score=5.3200 "Участие пользователя в соревновании. В актуальной DDL хранит агрегированную аналитику best_best_scor"
   9. [table  ] competition_dataset            score=4.9462 "Связующая таблица соревнования и датасета (M:N)."
  10. [table  ] submission                     score=4.6601 "Отправки решений участников. В актуальной DDL внутри submission хранятся и оценка (metric_value, is_"
  11. [table  ] dataset_purpose                score=4.6358 "Справочник назначения датасета (train, test, validation, private/public и т.п.)."
  12. [table  ] team_competition               score=4.4368 "Связующая таблица команда-датасет (M:N)."
  13. [example] submission                     score=2.2386 "Участники превысившие дневной лимит отправок SQL: SELECT u.username, DATE(s.submitted_at) AS day, CO"
  14. [example] competition_dataset            score=2.1355 "Сколько датасетов у каждого соревнования SQL: SELECT competition_id, COUNT(*) AS datasets_count FROM"
####################################
2026-04-25 15:54:05,391 INFO src.rag: ###### RAG top 14 ######
   1. [table  ] configuration                  score=7.0540 "Конфигурация соревнования: метрика, тип задачи и лимит отправок в день. Это актуальная таблица конфи"
   2. [table  ] competition                    score=7.0220 "Соревнования по машинному обучению — основная бизнес-сущность платформы. Хранит название, статус, да"
   3. [table  ] participation                  score=6.9092 "Участие пользователя в соревновании. В актуальной DDL хранит агрегированную аналитику best_best_scor"
   4. [table  ] user                           score=6.8297 "Пользователи платформы: участники, организаторы соревнований, администраторы. Хранит профиль пользов"
   5. [table  ] participation_status           score=6.6971 "Справочник статусов участия в соревновании."
   6. [table  ] dataset                        score=6.6928 "Наборы данных платформы. Хранит назначение, имя, признак скрытости, версию. Соревнование связывается"
   7. [table  ] team                           score=6.3417 "Команды участников в соревнованиях."
   8. [table  ] competition_dataset            score=6.2529 "Связующая таблица соревнования и датасета (M:N)."
   9. [table  ] dataset_file                   score=6.2043 "Файлы датасетов хранящиеся в storage. Содержит имя файла, путь, размер и контрольную сумму. Это акту"
  10. [table  ] submission_status              score=6.0689 "Справочник статусов отправки решения."
  11. [table  ] submission                     score=5.9540 "Отправки решений участников. В актуальной DDL внутри submission хранятся и оценка (metric_value, is_"
  12. [table  ] dataset_purpose                score=5.8583 "Справочник назначения датасета (train, test, validation, private/public и т.п.)."
  13. [example] submission                     score=3.7590 "Количество валидных сабмитов по соревнованиям SQL: SELECT p.competition_id, COUNT(*) AS valid_submis"
  14. [example] task_type                      score=3.6783 "Типы задач используемые в конфигурациях соревнований SQL: SELECT tt.code, COUNT(cfg.configuration_id"
####################################
2026-04-25 15:56:38,132 INFO src.rag: ###### RAG top 14 ######
   1. [table  ] configuration                  score=6.6649 "Конфигурация соревнования: метрика, тип задачи и лимит отправок в день. Это актуальная таблица конфи"
   2. [table  ] user                           score=6.5831 "Пользователи платформы: участники, организаторы соревнований, администраторы. Хранит профиль пользов"
   3. [table  ] dataset                        score=6.3456 "Наборы данных платформы. Хранит назначение, имя, признак скрытости, версию. Соревнование связывается"
   4. [table  ] competition                    score=6.2142 "Соревнования по машинному обучению — основная бизнес-сущность платформы. Хранит название, статус, да"
   5. [table  ] participation_status           score=6.0375 "Справочник статусов участия в соревновании."
   6. [table  ] participation                  score=6.0317 "Участие пользователя в соревновании. В актуальной DDL хранит агрегированную аналитику best_best_scor"
   7. [table  ] competition_dataset            score=5.8418 "Связующая таблица соревнования и датасета (M:N)."
   8. [table  ] dataset_file                   score=5.6040 "Файлы датасетов хранящиеся в storage. Содержит имя файла, путь, размер и контрольную сумму. Это акту"
   9. [table  ] dataset_purpose                score=5.4810 "Справочник назначения датасета (train, test, validation, private/public и т.п.)."
  10. [table  ] submission_status              score=5.4776 "Справочник статусов отправки решения."
  11. [table  ] team                           score=5.3690 "Команды участников в соревнованиях."
  12. [table  ] task_type                      score=5.2318 "Справочник типов задач машинного обучения: classification, regression, ranking, detection, nlp, clus"
  13. [example] submission                     score=3.1080 "Количество валидных сабмитов по соревнованиям SQL: SELECT p.competition_id, COUNT(*) AS valid_submis"
  14. [example] competition_dataset            score=2.9515 "Сколько датасетов у каждого соревнования SQL: SELECT competition_id, COUNT(*) AS datasets_count FROM"
####################################
2026-04-25 15:59:38,040 INFO src.rag: ###### RAG top 14 ######
   1. [table  ] role                           score=7.1809 "Справочник ролей пользователей платформы. Используется для управления правами и сегментации пользова"
   2. [table  ] dataset_file                   score=7.0651 "Файлы датасетов хранящиеся в storage. Содержит имя файла, путь, размер и контрольную сумму. Это акту"
   3. [table  ] configuration                  score=7.0418 "Конфигурация соревнования: метрика, тип задачи и лимит отправок в день. Это актуальная таблица конфи"
   4. [table  ] user                           score=6.9958 "Пользователи платформы: участники, организаторы соревнований, администраторы. Хранит профиль пользов"
   5. [table  ] participation                  score=6.2394 "Участие пользователя в соревновании. В актуальной DDL хранит агрегированную аналитику best_best_scor"
   6. [table  ] submission                     score=6.0105 "Отправки решений участников. В актуальной DDL внутри submission хранятся и оценка (metric_value, is_"
   7. [table  ] metric                         score=5.9055 "Метрики оценки качества ML-моделей: accuracy, f1, rmse, auc и др. Используются в соревнованиях через"
   8. [table  ] competition_dataset            score=5.1355 "Связующая таблица соревнования и датасета (M:N)."
   9. [table  ] team_competition               score=5.0709 "Связующая таблица команда-датасет (M:N)."
  10. [table  ] dataset_purpose                score=4.5819 "Справочник назначения датасета (train, test, validation, private/public и т.п.)."
  11. [table  ] competition_status             score=4.2822 "Справочник статусов соревнований: draft, active, finished и т.д."
  12. [table  ] team                           score=4.1382 "Команды участников в соревнованиях."
  13. [example] team_competition               score=3.7628 "Количество датасетов у каждой команды SQL: SELECT team_id, COUNT(*) AS datasets_count FROM team_comp"
  14. [example] dataset_file                   score=3.3173 "Топ 20 самых больших файлов SQL: SELECT file_id, filename, size_bytes FROM dataset_file ORDER BY siz"
####################################
2026-04-25 16:01:49,895 INFO src.rag: ###### RAG top 13 ######
   1. [table  ] user                           score=9.2862 "Пользователи платформы: участники, организаторы соревнований, администраторы. Хранит профиль пользов"
   2. [table  ] role                           score=9.1787 "Справочник ролей пользователей платформы. Используется для управления правами и сегментации пользова"
   3. [table  ] competition                    score=8.9109 "Соревнования по машинному обучению — основная бизнес-сущность платформы. Хранит название, статус, да"
   4. [table  ] participation                  score=8.5976 "Участие пользователя в соревновании. В актуальной DDL хранит агрегированную аналитику best_best_scor"
   5. [table  ] dataset                        score=8.5125 "Наборы данных платформы. Хранит назначение, имя, признак скрытости, версию. Соревнование связывается"
   6. [table  ] metric                         score=8.4219 "Метрики оценки качества ML-моделей: accuracy, f1, rmse, auc и др. Используются в соревнованиях через"
   7. [table  ] task_type                      score=7.7582 "Справочник типов задач машинного обучения: classification, regression, ranking, detection, nlp, clus"
   8. [table  ] submission                     score=7.7210 "Отправки решений участников. В актуальной DDL внутри submission хранятся и оценка (metric_value, is_"
   9. [table  ] participation_status           score=6.9042 "Справочник статусов участия в соревновании."
  10. [table  ] team                           score=6.8376 "Команды участников в соревнованиях."
  11. [example] user                           score=6.8181 "Сколько пользователей зарегистрировано SQL: SELECT COUNT(*) AS user_count FROM "user";"
  12. [table  ] submission_status              score=6.6686 "Справочник статусов отправки решения."
  13. [example] submission                     score=5.9034 "Количество валидных сабмитов по соревнованиям SQL: SELECT p.competition_id, COUNT(*) AS valid_submis"
####################################
2026-04-25 16:03:04,303 INFO src.rag: ###### RAG top 13 ######
   1. [table  ] user                           score=8.9099 "Пользователи платформы: участники, организаторы соревнований, администраторы. Хранит профиль пользов"
   2. [table  ] role                           score=8.7334 "Справочник ролей пользователей платформы. Используется для управления правами и сегментации пользова"
   3. [table  ] configuration                  score=8.5759 "Конфигурация соревнования: метрика, тип задачи и лимит отправок в день. Это актуальная таблица конфи"
   4. [table  ] dataset                        score=8.5079 "Наборы данных платформы. Хранит назначение, имя, признак скрытости, версию. Соревнование связывается"
   5. [table  ] competition                    score=8.3866 "Соревнования по машинному обучению — основная бизнес-сущность платформы. Хранит название, статус, да"
   6. [table  ] participation                  score=8.2966 "Участие пользователя в соревновании. В актуальной DDL хранит агрегированную аналитику best_best_scor"
   7. [table  ] dataset_file                   score=8.2351 "Файлы датасетов хранящиеся в storage. Содержит имя файла, путь, размер и контрольную сумму. Это акту"
   8. [table  ] metric                         score=7.9013 "Метрики оценки качества ML-моделей: accuracy, f1, rmse, auc и др. Используются в соревнованиях через"
   9. [table  ] submission                     score=7.1818 "Отправки решений участников. В актуальной DDL внутри submission хранятся и оценка (metric_value, is_"
  10. [table  ] task_type                      score=7.1434 "Справочник типов задач машинного обучения: classification, regression, ranking, detection, nlp, clus"
  11. [table  ] submission_status              score=6.5525 "Справочник статусов отправки решения."
  12. [example] user                           score=6.4472 "Сколько пользователей зарегистрировано SQL: SELECT COUNT(*) AS user_count FROM "user";"
  13. [example] submission                     score=4.7521 "Количество валидных сабмитов по соревнованиям SQL: SELECT p.competition_id, COUNT(*) AS valid_submis"
####################################
